
LICENSE SYSTEM [2018421 12:17:22] No start/stop license dates set

LICENSE SYSTEM [2018421 12:17:22] Next license update check is after 2027-08-23T00:17:35

DisplayProgressbar: Unity license
[Package Manager] Server::Start -- Port 59082 was selected

 COMMAND LINE ARGUMENTS:
/Applications/Unity/Unity.app/Contents/MacOS/Unity
-quit
-batchmode
-projectPath
/Users/laohan/workSpace/Unity/lhFramework/Program
-logFile
/Users/laohan/workSpace/Unity/lhFramework/AutoBuild/Output/Android/pack-Android-2018_04_21_12_17/proj_program.log
-executeMethod
AutoBuild.BuildPackage
1.0.1
Android
../AutoBuild/Output/Android/pack-Android-2018_04_21_12_17/package
debug
Successfully changed project path to: /Users/laohan/workSpace/Unity/lhFramework/Program
/Users/laohan/workSpace/Unity/lhFramework/Program
Loading GUID <-> Path mappings...0.000071 seconds
Loading Asset Database...0.010459 seconds
Audio: FMOD Profiler initialized on port 54900
AssetDatabase consistency checks...0.047063 seconds
Refreshing native plugins compatible for Editor in 4.81 ms, found 0 plugins.
Preloading 0 native plugins for Editor in 0.00 ms.
DisplayProgressbar: Unity Package Manager
[Package Manager] Resolving 4 packages:
[Package Manager]  * Package :  com.unity.ads@2.0.3
    (location: /Users/laohan/Library/Unity/cache/packages/packages.unity.com/com.unity.ads@2.0.3)
[Package Manager]  * Package :  com.unity.analytics@2.0.13
    (location: /Users/laohan/Library/Unity/cache/packages/packages.unity.com/com.unity.analytics@2.0.13)
[Package Manager]  * Package :  com.unity.purchasing@0.0.19
    (location: /Users/laohan/Library/Unity/cache/packages/packages.unity.com/com.unity.purchasing@0.0.19)
[Package Manager]  * Package :  com.unity.standardevents@1.0.10
    (location: /Users/laohan/Library/Unity/cache/packages/packages.unity.com/com.unity.standardevents@1.0.10)
[Package Manager] Resolve completed
Initialize engine version: 2017.4.0f1 (b5bd171ee9ba)
GfxDevice: creating device client; threaded=0
Renderer: Intel Iris OpenGL Engine
Vendor:   Intel Inc.
Version:  4.1 INTEL-10.30.12
GLES:     0
 GL_ARB_blend_func_extended GL_ARB_draw_buffers_blend GL_ARB_draw_indirect GL_ARB_ES2_compatibility GL_ARB_explicit_attrib_location GL_ARB_gpu_shader_fp64 GL_ARB_gpu_shader5 GL_ARB_instanced_arrays GL_ARB_internalformat_query GL_ARB_occlusion_query2 GL_ARB_sample_shading GL_ARB_sampler_objects GL_ARB_separate_shader_objects GL_ARB_shader_bit_encoding GL_ARB_shader_subroutine GL_ARB_shading_language_include GL_ARB_tessellation_shader GL_ARB_texture_buffer_object_rgb32 GL_ARB_texture_cube_map_array GL_ARB_texture_gather GL_ARB_texture_query_lod GL_ARB_texture_rgb10_a2ui GL_ARB_texture_storage GL_ARB_texture_swizzle GL_ARB_timer_query GL_ARB_transform_feedback2 GL_ARB_transform_feedback3 GL_ARB_vertex_attrib_64bit GL_ARB_vertex_type_2_10_10_10_rev GL_ARB_viewport_array GL_EXT_debug_label GL_EXT_debug_marker GL_EXT_framebuffer_multisample_blit_scaled GL_EXT_texture_compression_s3tc GL_EXT_texture_filter_anisotropic GL_EXT_texture_sRGB_decode GL_APPLE_client_storage GL_APPLE_container_object_shareable GL_APPLE_fl
ush_render GL_APPLE_object_purgeable GL_APPLE_rgb_422 GL_APPLE_row_bytes GL_APPLE_texture_range GL_ATI_texture_mirror_once GL_NV_texture_barrier
OPENGL LOG: Creating OpenGL 4.1 graphics device ; Context level  <OpenGL 4.1> ; Context handle 260649984
Initialize mono
Mono path[0] = '/Applications/Unity/Unity.app/Contents/Managed'
Mono path[1] = '/Applications/Unity/Unity.app/Contents/Mono/lib/mono/2.0'
Mono config path = '/Applications/Unity/Unity.app/Contents/Mono/etc'
Using monoOptions --debugger-agent=transport=dt_socket,embedding=1,defer=y,address=0.0.0.0:56460
Begin MonoManager ReloadAssembly
Initializing Unity.PackageManager (PackageManager) v2017.4.0 for Unity v2017.4.0f1
Registering precompiled unity dll's ...
Register platform support module: /Applications/Unity/PlaybackEngines/AndroidPlayer/UnityEditor.Android.Extensions.dll
Register platform support module: /Applications/Unity/PlaybackEngines/iOSSupport/UnityEditor.iOS.Extensions.dll
Register platform support module: /Applications/Unity/PlaybackEngines/WebGLSupport/UnityEditor.WebGL.Extensions.dll
Register platform support module: /Applications/Unity/Unity.app/Contents/PlaybackEngines/MacStandaloneSupport/UnityEditor.OSXStandalone.Extensions.dll
Registered in 0.000806 seconds.
Refreshing native plugins compatible for Editor in 0.38 ms, found 3 plugins.
Preloading 1 native plugins for Editor in 1.98 ms.
Mono: successfully reloaded assembly
- Completed reload, in  0.768 seconds
Registering platform support modules:
Registered platform support modules in: 0.125532s.
Native extension for OSXStandalone target not found
Native extension for WebGL target not found
Native extension for iOS target not found
[XcodeApplications] RefreshListOfAvailableXcodeApplications in: 0.026435s.
Native extension for Android target not found
Begin MonoManager ReloadAssembly
Registering precompiled user dll's ...
Registered in 0.014946 seconds.
OnLevelWasLoaded was found on Reporter
This message has been deprecated and will be removed in a later version of Unity.
Add a delegate to SceneManager.sceneLoaded instead to get notifications after scene loading has completed
 
(Filename: /Users/builduser/buildslave/unity/build/Runtime/Mono/MonoScriptCache.cpp Line: 375)

Refreshing native plugins compatible for Editor in 0.37 ms, found 3 plugins.
Preloading 1 native plugins for Editor in 0.47 ms.
Mono: successfully reloaded assembly
- Completed reload, in  0.707 seconds
Initializing Unity.PackageManager (PackageManager) v2017.4.0 for Unity v2017.4.0f1
Registering platform support modules:
Registered platform support modules in: 0.060985s.
Native extension for OSXStandalone target not found
Native extension for WebGL target not found
Native extension for iOS target not found
[XcodeApplications] RefreshListOfAvailableXcodeApplications in: 0.003713s.
Native extension for Android target not found
Validating Project structure ... 0.002584 seconds.
Refresh: detecting if any assets need to be imported or removed ... Refresh: elapses 0.065767 seconds
Refreshing native plugins compatible for Editor in 0.70 ms, found 3 plugins.
Preloading 1 native plugins for Editor in 0.95 ms.

----- Total AssetImport time: 0.063674s, AssetImport time: 0.000000s, Asset hashing: 0.000000s [0 B, 0.000000 mb/s]

Warming cache for 216 main assets: 0.000773 seconds elapsed
Initializing Unity extensions:
 '/Applications/Unity/Unity.app/Contents/UnityExtensions/Unity/UnityHoloLens/Editor/UnityEditor.HoloLens.dll'  GUID: 12fd8a0055b84bb59e84c9835a37e333
 '/Applications/Unity/Unity.app/Contents/UnityExtensions/Unity/Timeline/Runtime/UnityEngine.Timeline.dll'  GUID: 6a10b2909283487f913b00d94cd3faf5
 '/Applications/Unity/Unity.app/Contents/UnityExtensions/Unity/TestRunner/portable/nunit.framework.dll'  GUID: 405b9b51bb344a128608d968297df79c
 '/Applications/Unity/Unity.app/Contents/UnityExtensions/Unity/GUISystem/Standalone/UnityEngine.UI.dll'  GUID: f70555f144d8491a825f0804e09c671c
 '/Applications/Unity/Unity.app/Contents/UnityExtensions/Unity/GUISystem/UnityEngine.UI.dll'  GUID: f5f67c52d1564df4a8936ccd202a3bd8
 '/Applications/Unity/Unity.app/Contents/UnityExtensions/Unity/Timeline/RuntimeEditor/UnityEngine.Timeline.dll'  GUID: 844f815391db42d49455cbf1a7bfc434
 '/Applications/Unity/Unity.app/Contents/UnityExtensions/Unity/Networking/Standalone/UnityEngine.Networking.dll'  GUID: dc443db3e92b4983b9738c1131f555cb
 '/Applications/Unity/Unity.app/Contents/UnityExtensions/Unity/UnitySpatialTracking/Runtime/UnityEngine.SpatialTracking.dll'  GUID: ed7343f30e3843b3afda8f8b02669cea
 '/Applications/Unity/Unity.app/Contents/UnityExtensions/Unity/UnityGoogleAudioSpatializer/Editor/UnityEditor.GoogleAudioSpatializer.dll'  GUID: 4a3ecb1425d14502837abea459cf2b70
 '/Applications/Unity/Unity.app/Contents/UnityExtensions/Unity/Networking/Editor/UnityEditor.Networking.dll'  GUID: 5f32cd94baa94578a686d4b9d6b660f7
 '/Applications/Unity/Unity.app/Contents/UnityExtensions/Unity/UnityHoloLens/Runtime/UnityEngine.HoloLens.dll'  GUID: f7b54ff4a43d4fcf81b4538b678e0bcc
 '/Applications/Unity/Unity.app/Contents/UnityExtensions/Unity/UnitySpatialTracking/Editor/UnityEditor.SpatialTracking.dll'  GUID: b5da970776034f77a070d99423d68791
 '/Applications/Unity/Unity.app/Contents/UnityExtensions/Unity/TreeEditor/Editor/UnityEditor.TreeEditor.dll'  GUID: adebbd281f1a4ef3a30be7f21937e02f
 '/Applications/Unity/Unity.app/Contents/UnityExtensions/Unity/Networking/UnityEngine.Networking.dll'  GUID: 870353891bb340e2b2a9c8707e7419ba
 '/Applications/Unity/Unity.app/Contents/UnityExtensions/Unity/TestRunner/UnityEngine.TestRunner.dll'  GUID: 53ebcfaa2e1e4e2dbc85882cd5a73fa1
 '/Applications/Unity/Unity.app/Contents/UnityExtensions/Unity/UnityGoogleAudioSpatializer/RuntimeEditor/UnityEngine.GoogleAudioSpatializer.dll'  GUID: ead147da21254ff9a0a936bdd75e1680
 '/Applications/Unity/Unity.app/Contents/UnityExtensions/Unity/UnityGoogleAudioSpatializer/Runtime/UnityEngine.GoogleAudioSpatializer.dll'  GUID: e4f4cf1b9b434137a499903a7a1d651a
 '/Applications/Unity/Unity.app/Contents/UnityExtensions/Unity/UnityVR/Editor/UnityEditor.VR.dll'  GUID: 4ba2329b63d54f0187bcaa12486b1b0f
 '/Applications/Unity/Unity.app/Contents/UnityExtensions/Unity/UnityHoloLens/RuntimeEditor/UnityEngine.HoloLens.dll'  GUID: 1c6d1fbb51834b64847b1b73a75bfc77
 '/Applications/Unity/Unity.app/Contents/UnityExtensions/Unity/UnitySpatialTracking/RuntimeEditor/UnityEngine.SpatialTracking.dll'  GUID: 3a84de5cd0624681b6b6dcd8921d912a
 '/Applications/Unity/Unity.app/Contents/UnityExtensions/Unity/GUISystem/Editor/UnityEditor.UI.dll'  GUID: 80a3616ca19596e4da0f10f14d241e9f
 '/Applications/Unity/Unity.app/Contents/UnityExtensions/Unity/UIAutomation/UnityEngine.UIAutomation.dll'  GUID: c768acbc9cf24d398488bb4c93b91288
 '/Applications/Unity/Unity.app/Contents/UnityExtensions/Unity/TestRunner/Editor/UnityEditor.TestRunner.dll'  GUID: 4113173d5e95493ab8765d7b08371de4
 '/Applications/Unity/Unity.app/Contents/UnityExtensions/Unity/TestRunner/net35/unity-custom/nunit.framework.dll'  GUID: 4b3fa4bde7f1451a8218c03ee6a8ded8
 '/Applications/Unity/Unity.app/Contents/UnityExtensions/Unity/UIAutomation/Editor/UnityEditor.UIAutomation.dll'  GUID: b8a0574e92bd43a59e19d6c3c6ae54c7
 '/Applications/Unity/Unity.app/Contents/UnityExtensions/Unity/Timeline/Editor/UnityEditor.Timeline.dll'  GUID: 7668179ede524d6396c8b7d84461ea29
Unloading 108 Unused Serialized files (Serialized files now loaded: 0)
System memory in use before: 227.7 MB.
System memory in use after: 227.8 MB.

Unloading 79 unused Assets to reduce memory usage. Loaded Objects now: 675.
Total: 2.027604 ms (FindLiveObjects: 0.868142 ms CreateObjectMapping: 0.049255 ms MarkObjects: 1.072275 ms  DeleteObjects: 0.036261 ms)

DisplayProgressbar: Checking prerequisutes
Android PostProcess task "Checking prerequisutes" took 1.845 ms
DisplayProgressbar: Detecting Android SDK
AndroidSDKTools:

	root          : /Users/laohan/Library/Android/sdk
	tools         : /Users/laohan/Library/Android/sdk/tools
	platform-tools: /Users/laohan/Library/Android/sdk/platform-tools
	build-tools   : /Users/laohan/Library/Android/sdk/build-tools/27.0.3

	adb      : /Users/laohan/Library/Android/sdk/platform-tools/adb
	aapt     : /Users/laohan/Library/Android/sdk/build-tools/27.0.3/aapt
	zipalign : /Users/laohan/Library/Android/sdk/build-tools/27.0.3/zipalign

AndroidJavaTools:
	java     : /Library/Java/JavaVirtualMachines/jdk1.8.0_161.jdk/Contents/Home/bin/java

Android PostProcess task "Detecting Android SDK" took 1586.716 ms
Android PostProcess task "Detect Android NDK" took 0.119 ms
Android PostProcess task "Trying to find a suitable Android device" took 0.126 ms
BuildPlayer: start building target 13
- Starting compile Library/ScriptAssemblies/Assembly-CSharp.dll

-----Compiler Commandline Arguments:
Filename: /Applications/Unity/Unity.app/Contents/MonoBleedingEdge/bin/mono
Arguments: '/Applications/Unity/Unity.app/Contents/MonoBleedingEdge/lib/mono/4.5/mcs.exe'  @Temp/UnityTempFile-95ee97c207f3c4dc0bad409c5513a6ea
index: 81
Responsefile: Temp/UnityTempFile-95ee97c207f3c4dc0bad409c5513a6ea Contents: 
-debug
-target:library
-nowarn:0169
-langversion:4
-out:'Temp/Assembly-CSharp.dll'
-unsafe
-optimize
-r:'/Applications/Unity/PlaybackEngines/AndroidPlayer/Variations/mono/Managed/UnityEngine.dll'
-r:'/Applications/Unity/PlaybackEngines/AndroidPlayer/Variations/mono/Managed/UnityEngine.CoreModule.dll'
-r:'/Applications/Unity/PlaybackEngines/AndroidPlayer/Variations/mono/Managed/UnityEngine.AccessibilityModule.dll'
-r:'/Applications/Unity/PlaybackEngines/AndroidPlayer/Variations/mono/Managed/UnityEngine.ParticleSystemModule.dll'
-r:'/Applications/Unity/PlaybackEngines/AndroidPlayer/Variations/mono/Managed/UnityEngine.PhysicsModule.dll'
-r:'/Applications/Unity/PlaybackEngines/AndroidPlayer/Variations/mono/Managed/UnityEngine.VehiclesModule.dll'
-r:'/Applications/Unity/PlaybackEngines/AndroidPlayer/Variations/mono/Managed/UnityEngine.ClothModule.dll'
-r:'/Applications/Unity/PlaybackEngines/AndroidPlayer/Variations/mono/Managed/UnityEngine.AIModule.dll'
-r:'/Applications/Unity/PlaybackEngines/AndroidPlayer/Variations/mono/Managed/UnityEngine.AnimationModule.dll'
-r:'/Applications/Unity/PlaybackEngines/AndroidPlayer/Variations/mono/Managed/UnityEngine.TextRenderingModule.dll'
-r:'/Applications/Unity/PlaybackEngines/AndroidPlayer/Variations/mono/Managed/UnityEngine.UIModule.dll'
-r:'/Applications/Unity/PlaybackEngines/AndroidPlayer/Variations/mono/Managed/UnityEngine.TerrainPhysicsModule.dll'
-r:'/Applications/Unity/PlaybackEngines/AndroidPlayer/Variations/mono/Managed/UnityEngine.IMGUIModule.dll'
-r:'/Applications/Unity/PlaybackEngines/AndroidPlayer/Variations/mono/Managed/UnityEngine.UNETModule.dll'
-r:'/Applications/Unity/PlaybackEngines/AndroidPlayer/Variations/mono/Managed/UnityEngine.DirectorModule.dll'
-r:'/Applications/Unity/PlaybackEngines/AndroidPlayer/Variations/mono/Managed/UnityEngine.UnityAnalyticsModule.dll'
-r:'/Applications/Unity/PlaybackEngines/AndroidPlayer/Variations/mono/Managed/UnityEngine.PerformanceReportingModule.dll'
-r:'/Applications/Unity/PlaybackEngines/AndroidPlayer/Variations/mono/Managed/UnityEngine.UnityConnectModule.dll'
-r:'/Applications/Unity/PlaybackEngines/AndroidPlayer/Variations/mono/Managed/UnityEngine.WebModule.dll'
-r:'/Applications/Unity/PlaybackEngines/AndroidPlayer/Variations/mono/Managed/UnityEngine.ARModule.dll'
-r:'/Applications/Unity/PlaybackEngines/AndroidPlayer/Variations/mono/Managed/UnityEngine.VRModule.dll'
-r:'/Applications/Unity/PlaybackEngines/AndroidPlayer/Variations/mono/Managed/UnityEngine.UIElementsModule.dll'
-r:'/Applications/Unity/PlaybackEngines/AndroidPlayer/Variations/mono/Managed/UnityEngine.StyleSheetsModule.dll'
-r:'/Applications/Unity/PlaybackEngines/AndroidPlayer/Variations/mono/Managed/UnityEngine.AssetBundleModule.dll'
-r:'/Applications/Unity/PlaybackEngines/AndroidPlayer/Variations/mono/Managed/UnityEngine.AudioModule.dll'
-r:'/Applications/Unity/PlaybackEngines/AndroidPlayer/Variations/mono/Managed/UnityEngine.CrashReportingModule.dll'
-r:'/Applications/Unity/PlaybackEngines/AndroidPlayer/Variations/mono/Managed/UnityEngine.GameCenterModule.dll'
-r:'/Applications/Unity/PlaybackEngines/AndroidPlayer/Variations/mono/Managed/UnityEngine.GridModule.dll'
-r:'/Applications/Unity/PlaybackEngines/AndroidPlayer/Variations/mono/Managed/UnityEngine.ImageConversionModule.dll'
-r:'/Applications/Unity/PlaybackEngines/AndroidPlayer/Variations/mono/Managed/UnityEngine.InputModule.dll'
-r:'/Applications/Unity/PlaybackEngines/AndroidPlayer/Variations/mono/Managed/UnityEngine.JSONSerializeModule.dll'
-r:'/Applications/Unity/PlaybackEngines/AndroidPlayer/Variations/mono/Managed/UnityEngine.ParticlesLegacyModule.dll'
-r:'/Applications/Unity/PlaybackEngines/AndroidPlayer/Variations/mono/Managed/UnityEngine.Physics2DModule.dll'
-r:'/Applications/Unity/PlaybackEngines/AndroidPlayer/Variations/mono/Managed/UnityEngine.ScreenCaptureModule.dll'
-r:'/Applications/Unity/PlaybackEngines/AndroidPlayer/Variations/mono/Managed/UnityEngine.SharedInternalsModule.dll'
-r:'/Applications/Unity/PlaybackEngines/AndroidPlayer/Variations/mono/Managed/UnityEngine.SpriteMaskModule.dll'
-r:'/Applications/Unity/PlaybackEngines/AndroidPlayer/Variations/mono/Managed/UnityEngine.SpriteShapeModule.dll'
-r:'/Applications/Unity/PlaybackEngines/AndroidPlayer/Variations/mono/Managed/UnityEngine.TerrainModule.dll'
-r:'/Applications/Unity/PlaybackEngines/AndroidPlayer/Variations/mono/Managed/UnityEngine.TilemapModule.dll'
-r:'/Applications/Unity/PlaybackEngines/AndroidPlayer/Variations/mono/Managed/UnityEngine.UnityWebRequestModule.dll'
-r:'/Applications/Unity/PlaybackEngines/AndroidPlayer/Variations/mono/Managed/UnityEngine.UnityWebRequestAudioModule.dll'
-r:'/Applications/Unity/PlaybackEngines/AndroidPlayer/Variations/mono/Managed/UnityEngine.UnityWebRequestTextureModule.dll'
-r:'/Applications/Unity/PlaybackEngines/AndroidPlayer/Variations/mono/Managed/UnityEngine.UnityWebRequestWWWModule.dll'
-r:'/Applications/Unity/PlaybackEngines/AndroidPlayer/Variations/mono/Managed/UnityEngine.VideoModule.dll'
-r:'/Applications/Unity/PlaybackEngines/AndroidPlayer/Variations/mono/Managed/UnityEngine.WindModule.dll'
-r:'/Applications/Unity/Unity.app/Contents/UnityExtensions/Unity/Networking/Standalone/UnityEngine.Networking.dll'
-r:'/Applications/Unity/Unity.app/Contents/UnityExtensions/Unity/GUISystem/Standalone/UnityEngine.UI.dll'
-r:'/Applications/Unity/Unity.app/Contents/UnityExtensions/Unity/Timeline/Runtime/UnityEngine.Timeline.dll'
-r:'/Applications/Unity/Unity.app/Contents/UnityExtensions/Unity/UnitySpatialTracking/Runtime/UnityEngine.SpatialTracking.dll'
-r:'Assets/Toolkit/HdgRemoteDebug/HdgRemoteDebugRuntime.dll'
-r:'/Users/laohan/Library/Unity/cache/packages/packages.unity.com/com.unity.standardevents@1.0.10/UnityEngine.StandardEvents.dll'
-define:UNITY_5_3_OR_NEWER
-define:UNITY_5_4_OR_NEWER
-define:UNITY_5_5_OR_NEWER
-define:UNITY_5_6_OR_NEWER
-define:UNITY_2017_1_OR_NEWER
-define:UNITY_2017_2_OR_NEWER
-define:UNITY_2017_3_OR_NEWER
-define:UNITY_2017_4_OR_NEWER
-define:UNITY_2017_4_0
-define:UNITY_2017_4
-define:UNITY_2017
-define:ENABLE_AUDIO
-define:ENABLE_CACHING
-define:ENABLE_CLOTH
-define:ENABLE_GENERICS
-define:ENABLE_PVR_GI
-define:ENABLE_MICROPHONE
-define:ENABLE_MULTIPLE_DISPLAYS
-define:ENABLE_PHYSICS
-define:ENABLE_SPRITERENDERER_FLIPPING
-define:ENABLE_SPRITES
-define:ENABLE_GRID
-define:ENABLE_TILEMAP
-define:ENABLE_TERRAIN
-define:ENABLE_RAKNET
-define:ENABLE_DIRECTOR
-define:ENABLE_UNET
-define:ENABLE_LZMA
-define:ENABLE_UNITYEVENTS
-define:ENABLE_WEBCAM
-define:ENABLE_WWW
-define:ENABLE_CLOUD_SERVICES_COLLAB
-define:ENABLE_CLOUD_SERVICES_COLLAB_SOFTLOCKS
-define:ENABLE_CLOUD_SERVICES_ADS
-define:ENABLE_CLOUD_HUB
-define:ENABLE_CLOUD_PROJECT_ID
-define:ENABLE_CLOUD_SERVICES_USE_WEBREQUEST
-define:ENABLE_CLOUD_SERVICES_UNET
-define:ENABLE_CLOUD_SERVICES_BUILD
-define:ENABLE_CLOUD_LICENSE
-define:ENABLE_EDITOR_HUB
-define:ENABLE_EDITOR_HUB_LICENSE
-define:ENABLE_WEBSOCKET_CLIENT
-define:ENABLE_DIRECTOR_AUDIO
-define:ENABLE_DIRECTOR_TEXTURE
-define:ENABLE_TIMELINE
-define:ENABLE_EDITOR_METRICS
-define:ENABLE_EDITOR_METRICS_CACHING
-define:ENABLE_NATIVE_ARRAY
-define:ENABLE_SPRITE_MASKING
-define:INCLUDE_DYNAMIC_GI
-define:INCLUDE_GI
-define:ENABLE_MONO_BDWGC
-define:PLATFORM_SUPPORTS_MONO
-define:INCLUDE_PUBNUB
-define:ENABLE_PLAYMODE_TESTS_RUNNER
-define:ENABLE_VIDEO
-define:ENABLE_RMGUI
-define:ENABLE_PACKMAN
-define:ENABLE_CUSTOM_RENDER_TEXTURE
-define:ENABLE_STYLE_SHEETS
-define:ENABLE_LOCALIZATION
-define:PLATFORM_ANDROID
-define:UNITY_ANDROID
-define:UNITY_ANDROID_API
-define:ENABLE_SUBSTANCE
-define:ENABLE_EGL
-define:ENABLE_NETWORK
-define:ENABLE_RUNTIME_GI
-define:ENABLE_CRUNCH_TEXTURE_COMPRESSION
-define:ENABLE_UNITYWEBREQUEST
-define:ENABLE_CLOUD_SERVICES
-define:ENABLE_CLOUD_SERVICES_ANALYTICS
-define:ENABLE_EVENT_QUEUE
-define:ENABLE_CLOUD_SERVICES_PURCHASING
-define:ENABLE_CLOUD_SERVICES_CRASH_REPORTING
-define:ENABLE_CLOUD_SERVICES_NATIVE_CRASH_REPORTING
-define:PLATFORM_SUPPORTS_ADS_ID
-define:UNITY_CAN_SHOW_SPLASH_SCREEN
-define:ENABLE_VR
-define:ENABLE_AR
-define:ENABLE_SPATIALTRACKING
-define:ENABLE_UNITYADS_RUNTIME
-define:UNITY_UNITYADS_API
-define:ENABLE_MONO
-define:NET_2_0_SUBSET
-define:UNITY_PRO_LICENSE
-define:UNITY_HAS_GOOGLEVR
-define:UNITY_HAS_TANGO
'Assets/Toolkit/HdgRemoteDebug/RemoteDebugServerFactory.cs'
'Assets/Toolkit/Unity-Logs-Viewer/Reporter/MultiKeyDictionary.cs'
'Assets/Toolkit/Unity-Logs-Viewer/Reporter/Reporter.cs'
'Assets/Toolkit/Unity-Logs-Viewer/Reporter/ReporterGUI.cs'
'Assets/Toolkit/Unity-Logs-Viewer/Reporter/ReporterMessageReceiver.cs'
'Assets/Toolkit/Unity-Logs-Viewer/Reporter/Test/Rotate.cs'
'Assets/Toolkit/Unity-Logs-Viewer/Reporter/Test/TestReporter.cs'
-r:'/Applications/Unity/Unity.app/Contents/Mono/lib/mono/unity/System.Runtime.Serialization.dll'
-r:'/Applications/Unity/Unity.app/Contents/Mono/lib/mono/unity/System.Xml.Linq.dll'
-r:'/Applications/Unity/Unity.app/Contents/Mono/lib/mono/unity/UnityScript.dll'
-r:'/Applications/Unity/Unity.app/Contents/Mono/lib/mono/unity/UnityScript.Lang.dll'
-r:'/Applications/Unity/Unity.app/Contents/Mono/lib/mono/unity/Boo.Lang.dll'
-sdk:unity

-----CompilerOutput:-stdout--exitcode: 0--compilationhadfailure: False--outfile: Temp/Assembly-CSharp.dll
Compilation succeeded - 5 warning(s)
-----CompilerOutput:-stderr----------
Assets/Toolkit/Unity-Logs-Viewer/Reporter/Reporter.cs(596,7): warning CS0649: Field `Reporter.screenRect' is never assigned to, and will always have its default value
Assets/Toolkit/Unity-Logs-Viewer/Reporter/Reporter.cs(597,7): warning CS0649: Field `Reporter.toolBarRect' is never assigned to, and will always have its default value
Assets/Toolkit/Unity-Logs-Viewer/Reporter/Reporter.cs(603,7): warning CS0649: Field `Reporter.buttomRect' is never assigned to, and will always have its default value
Assets/Toolkit/Unity-Logs-Viewer/Reporter/Reporter.cs(605,7): warning CS0649: Field `Reporter.detailRect' is never assigned to, and will always have its default value
Assets/Toolkit/Unity-Logs-Viewer/Reporter/Reporter.cs(689,7): warning CS0649: Field `Reporter.countRect' is never assigned to, and will always have its default value
-----EndCompilerOutput---------------
- Finished compile Library/ScriptAssemblies/Assembly-CSharp.dll
Symbols will be read from Temp/Assembly-CSharp.dll.mdb
Script Module: Assembly-CSharp.dll
Pass: 0 took 13 milliseconds
Pass: 1 took 5 milliseconds
Assets/Toolkit/Unity-Logs-Viewer/Reporter/Reporter.cs(596,7): warning CS0649: Field `Reporter.screenRect' is never assigned to, and will always have its default value
 
(Filename: Assets/Toolkit/Unity-Logs-Viewer/Reporter/Reporter.cs Line: 596)

Assets/Toolkit/Unity-Logs-Viewer/Reporter/Reporter.cs(597,7): warning CS0649: Field `Reporter.toolBarRect' is never assigned to, and will always have its default value
 
(Filename: Assets/Toolkit/Unity-Logs-Viewer/Reporter/Reporter.cs Line: 597)

Assets/Toolkit/Unity-Logs-Viewer/Reporter/Reporter.cs(603,7): warning CS0649: Field `Reporter.buttomRect' is never assigned to, and will always have its default value
 
(Filename: Assets/Toolkit/Unity-Logs-Viewer/Reporter/Reporter.cs Line: 603)

Assets/Toolkit/Unity-Logs-Viewer/Reporter/Reporter.cs(605,7): warning CS0649: Field `Reporter.detailRect' is never assigned to, and will always have its default value
 
(Filename: Assets/Toolkit/Unity-Logs-Viewer/Reporter/Reporter.cs Line: 605)

Assets/Toolkit/Unity-Logs-Viewer/Reporter/Reporter.cs(689,7): warning CS0649: Field `Reporter.countRect' is never assigned to, and will always have its default value
 
(Filename: Assets/Toolkit/Unity-Logs-Viewer/Reporter/Reporter.cs Line: 689)

Refreshing native plugins compatible for Editor in 0.33 ms, found 3 plugins.
DisplayProgressbar: Building Player

Packing sprites:
[     37 MB ]- Skipping packing - Sprite Packer (Legacy) is off.
[     37 MB ]WARNING: Shader Unsupported: 'Hidden/BlitToDepth' - Pass '' has no vertex shader
WARNING: Shader Unsupported: 'Hidden/BlitToDepth' - Setting to default shader.
WARNING: Shader Unsupported: 'Hidden/BlitToDepth_MSAA' - Pass '' has no vertex shader
WARNING: Shader Unsupported: 'Hidden/BlitToDepth_MSAA' - Setting to default shader.
Opening scene 'Assets/test.unity'
Load scene 'Assets/test.unity' time: 0.046055 ms 
Setting up 1 worker threads for Enlighten.
  Thread -> id: 700007fa7000 -> priority: 1 
Unloading 16 Unused Serialized files (Serialized files now loaded: 0)
System memory in use before: 259.4 MB.
System memory in use after: 259.4 MB.

Unloading 25 unused Assets to reduce memory usage. Loaded Objects now: 2693.
Total: 16.333262 ms (FindLiveObjects: 0.803199 ms CreateObjectMapping: 0.058594 ms MarkObjects: 8.397197 ms  DeleteObjects: 7.071954 ms)

[00:00:00] Enlighten: Precompute started.
[PathTracer] Issuing atlassing job. Atlas hash: bc06a9703e5ae257241f86e6e5e9cb62, width: 1024, height: 1024
Launched and connected shader compiler UnityShaderCompiler after 0.01 seconds
[00:00:00] Enlighten: Finished 1 Layout Systems job (0.00s execute, 0.00s integrate, 0.08s wallclock)
[00:00:00] Enlighten: Finished 1 Tetrahedralize Probes job (0.00s execute, 0.00s integrate, 0.05s wallclock)
[00:00:00] Enlighten: Precompute took 0.130817 seconds.
Enlighten scene contents:   0 geometries.   0 instances.   0 systems.   0 probe groups.   0 cube maps. Scene is up-to-date.
[00:00:00] Enlighten: Bake started.
[PathTracer][LP] Issuing deduplication and tetrahedralization job. Combined: 80257199cfa681a16be5e09b3c2208f4, tetrahedralized probes: 00000000000000000000000000000000, non-tetrahedralized probes: 00000000000000000000000000000000, dependencies: 00000000000000000000000000000000
[00:00:00] Enlighten: Finished 1 Bake Runtime job (0.02s execute, 0.00s integrate, 0.05s wallclock)
[00:00:00] Enlighten: Bake took 0.045883 seconds.
[PathTracer][LP] Integrating deduplicated and tetrahedralized probes for hash 80257199cfa681a16be5e09b3c2208f4.
[PathTracer] Common reset.
[PathTracer] Lightmap reset.
[PathTracer][LP] Light probes reset.
[PathTracer] building lightmap data asset.
[00:00:00] Enlighten: Reflection Probes started.
[00:00:00] Enlighten: Finished 1 Ambient Probes job (0.00s execute, 0.00s integrate, 0.05s wallclock)
WARNING: 297261088 format is not supported, decompressing texture
[00:00:00] Enlighten: Finished 1 Reflection Probes job (0.00s execute, 0.00s integrate, 0.05s wallclock)
WARNING: Shader Unsupported: 'Hidden/BlitToDepth' - Pass '' has no vertex shader
WARNING: Shader Unsupported: 'Hidden/BlitToDepth' - Setting to default shader.
WARNING: Shader Unsupported: 'Hidden/BlitToDepth_MSAA' - Pass '' has no vertex shader
WARNING: Shader Unsupported: 'Hidden/BlitToDepth_MSAA' - Setting to default shader.


Mono dependencies included in the build
Dependency assembly - Mono.Security.dll
Dependency assembly - System.Core.dll
Dependency assembly - System.dll
Dependency assembly - mscorlib.dll
Dependency assembly - UnityEngine.UI.dll
Dependency assembly - UnityEngine.Networking.dll
Dependency assembly - UnityEngine.Timeline.dll
Dependency assembly - UnityEngine.SpatialTracking.dll
Dependency assembly - HdgRemoteDebugRuntime.dll
Dependency assembly - Assembly-CSharp.dll
Dependency assembly - UnityEngine.StandardEvents.dll

DisplayProgressbar: Fetching assembly references
Unloading 14 Unused Serialized files (Serialized files now loaded: 0)
System memory in use before: 264.2 MB.
System memory in use after: 264.1 MB.

Unloading 26 unused Assets to reduce memory usage. Loaded Objects now: 2682.
Total: 15.998137 ms (FindLiveObjects: 0.807895 ms CreateObjectMapping: 0.025757 ms MarkObjects: 7.333138 ms  DeleteObjects: 7.829776 ms)

Unloading 1 Unused Serialized files (Serialized files now loaded: 0)
System memory in use before: 263.6 MB.
System memory in use after: 263.8 MB.

Unloading 0 unused Assets to reduce memory usage. Loaded Objects now: 2694.
Total: 7.693641 ms (FindLiveObjects: 0.815796 ms CreateObjectMapping: 0.023160 ms MarkObjects: 6.837574 ms  DeleteObjects: 0.015568 ms)

WARNING: Shader Unsupported: 'Hidden/BlitToDepth' - Pass '' has no vertex shader
WARNING: Shader Unsupported: 'Hidden/BlitToDepth' - Setting to default shader.
WARNING: Shader Unsupported: 'Hidden/BlitToDepth_MSAA' - Pass '' has no vertex shader
WARNING: Shader Unsupported: 'Hidden/BlitToDepth_MSAA' - Setting to default shader.
WARNING: Shader Unsupported: 'VR/SpatialMapping/Wireframe' - Pass '' has no vertex shader
WARNING: Shader Unsupported: 'VR/SpatialMapping/Wireframe' - Setting to default shader.
WARNING: Shader Unsupported: 'Hidden/VR/BlitTexArraySliceToDepth_MSAA' - Pass '' has no vertex shader
WARNING: Shader Unsupported: 'Hidden/VR/BlitTexArraySliceToDepth_MSAA' - Setting to default shader.
WARNING: Shader Unsupported: 'AR/TangoARRender' - Pass '' has no vertex shader
WARNING: Shader Unsupported: 'AR/TangoARRender' - Setting to default shader.
Unloading 1 Unused Serialized files (Serialized files now loaded: 0)
System memory in use before: 308.8 MB.
System memory in use after: 264.0 MB.

Unloading 145 unused Assets to reduce memory usage. Loaded Objects now: 2681.
Total: 101.065776 ms (FindLiveObjects: 1.007856 ms CreateObjectMapping: 0.072234 ms MarkObjects: 6.643518 ms  DeleteObjects: 93.340803 ms)

DisplayProgressbar: Building Player
WARNING: Shader Unsupported: 'Hidden/BlitToDepth' - Pass '' has no vertex shader
WARNING: Shader Unsupported: 'Hidden/BlitToDepth' - Setting to default shader.
WARNING: Shader Unsupported: 'Hidden/BlitToDepth_MSAA' - Pass '' has no vertex shader
WARNING: Shader Unsupported: 'Hidden/BlitToDepth_MSAA' - Setting to default shader.
Launched and connected shader compiler UnityShaderCompiler after 0.01 seconds
Launched and connected shader compiler UnityShaderCompiler after 0.01 seconds
Launched and connected shader compiler UnityShaderCompiler after 0.01 seconds
DisplayProgressbar: Creating staging area
Android PostProcess task "Creating staging area" took 1.718 ms
DisplayProgressbar: Generating Build Id
Android PostProcess task "Generating Build Id" took 0.168 ms
DisplayProgressbar: Preparing Unity resources
Android PostProcess task "Preparing Unity resources" took 11.135 ms
DisplayProgressbar: Splitting assets
Android PostProcess task "Splitting assets" took 4.069 ms
Android PostProcess task "Processing OBB assets" took 0.086 ms
DisplayProgressbar: Preparing Unity libraries
Android PostProcess task "Preparing Unity libraries" took 51.042 ms
DisplayProgressbar: Processing resources
Android PostProcess task "Processing resources" took 0.181 ms
DisplayProgressbar: Preparing APK resources
Android PostProcess task "Preparing APK resources" took 27.157 ms
DisplayProgressbar: Processing plugins
Android PostProcess task "Processing plugins" took 139.941 ms
DisplayProgressbar: Processing Android libraries
Android PostProcess task "Processing Android libraries" took 1.282 ms
DisplayProgressbar: Creating Android manifest
DisplayProgressbar: Fetching assembly references
Android PostProcess task "Creating Android manifest" took 766.047 ms
DisplayProgressbar: Compiling resources
Android PostProcess task "Compiling resources" took 1.604 ms
Android PostProcess task "IL2CPP" took 0.618 ms
Android PostProcess task "Build native Unity binary" took 0.374 ms
Android PostProcess task "Zipping symbols" took 0.341 ms
Android PostProcess task "Performance Reporting Symbol Upload" took 0.254 ms
DisplayProgressbar: Preparing streaming assets
Android PostProcess task "Preparing streaming assets" took 1.939 ms
Android PostProcess task "fastzip" took 0.08 ms
Android PostProcess task "AAPT: Compiling all assets into one archive" took 0.226 ms
DisplayProgressbar: Building Gradle project
Android PostProcess task "Building Gradle project" took 26381.029 ms
DisplayProgressbar: Moving output package
Android PostProcess task "Moving output package" took 1.675 ms

-------------------------------------------------------------------------------
Build Report
Uncompressed usage by category:
Textures      0.0 kb	 0.0% 
Meshes        0.0 kb	 0.0% 
Animations    0.0 kb	 0.0% 
Sounds        0.0 kb	 0.0% 
Shaders       13.7 kb	 0.1% 
Other Assets  1.2 kb	 0.0% 
Levels        69.3 kb	 0.3% 
Scripts       740.3 kb	 2.8% 
Included DLLs 3.9 mb	 15.3% 
File headers  9.1 kb	 0.0% 
Complete size 25.7 mb	 100.0% 

Used Assets and files from the Resources folder, sorted by uncompressed size:
 14.2 kb	 0.1% Resources/unity_builtin_extra
 4.1 kb	 0.0% /Applications/Unity/Unity.app/Contents/UnityExtensions/Unity/GUISystem/UnityEngine.UI.dll
 4.1 kb	 0.0% /Applications/Unity/Unity.app/Contents/UnityExtensions/Unity/GUISystem/Standalone/UnityEngine.UI.dll
 1.8 kb	 0.0% /Applications/Unity/Unity.app/Contents/UnityExtensions/Unity/Networking/UnityEngine.Networking.dll
 1.8 kb	 0.0% /Applications/Unity/Unity.app/Contents/UnityExtensions/Unity/Networking/Standalone/UnityEngine.Networking.dll
 1.5 kb	 0.0% /Applications/Unity/Unity.app/Contents/UnityExtensions/Unity/Timeline/RuntimeEditor/UnityEngine.Timeline.dll
 1.5 kb	 0.0% /Applications/Unity/Unity.app/Contents/UnityExtensions/Unity/Timeline/Runtime/UnityEngine.Timeline.dll
 0.7 kb	 0.0% /Applications/Unity/Unity.app/Contents/UnityExtensions/Unity/UnityHoloLens/RuntimeEditor/UnityEngine.HoloLens.dll
 0.7 kb	 0.0% /Applications/Unity/Unity.app/Contents/UnityExtensions/Unity/UnityHoloLens/Runtime/UnityEngine.HoloLens.dll
 0.6 kb	 0.0% /Applications/Unity/Unity.app/Contents/UnityExtensions/Unity/UnityGoogleAudioSpatializer/RuntimeEditor/UnityEngine.GoogleAudioSpatializer.dll
 0.6 kb	 0.0% /Applications/Unity/Unity.app/Contents/UnityExtensions/Unity/UnityGoogleAudioSpatializer/Runtime/UnityEngine.GoogleAudioSpatializer.dll
 0.4 kb	 0.0% /Applications/Unity/Unity.app/Contents/UnityExtensions/Unity/TestRunner/UnityEngine.TestRunner.dll
 0.3 kb	 0.0% Packages/com.unity.analytics/UnityEngine.Analytics.dll
 0.3 kb	 0.0% Packages/com.unity.ads/UnityEngine.Advertisements.dll
 0.1 kb	 0.0% /Applications/Unity/Unity.app/Contents/UnityExtensions/Unity/UnitySpatialTracking/RuntimeEditor/UnityEngine.SpatialTracking.dll
 0.1 kb	 0.0% /Applications/Unity/Unity.app/Contents/UnityExtensions/Unity/UnitySpatialTracking/Runtime/UnityEngine.SpatialTracking.dll
 0.1 kb	 0.0% Assets/Toolkit/HdgRemoteDebug/HdgRemoteDebugRuntime.dll
 0.1 kb	 0.0% Assets/Toolkit/Unity-Logs-Viewer/Reporter/ReporterMessageReceiver.cs
 0.1 kb	 0.0% Assets/Toolkit/HdgRemoteDebug/RemoteDebugServerFactory.cs
 0.1 kb	 0.0% Assets/Toolkit/Unity-Logs-Viewer/Reporter/MultiKeyDictionary.cs
 0.1 kb	 0.0% Assets/Toolkit/Unity-Logs-Viewer/Reporter/Test/TestReporter.cs
 0.1 kb	 0.0% Assets/Toolkit/Unity-Logs-Viewer/Reporter/ReporterGUI.cs
 0.1 kb	 0.0% Assets/Toolkit/Unity-Logs-Viewer/Reporter/Test/Rotate.cs
 0.1 kb	 0.0% Assets/Toolkit/Unity-Logs-Viewer/Reporter/Reporter.cs
-------------------------------------------------------------------------------
Unloading 14 Unused Serialized files (Serialized files now loaded: 0)
System memory in use before: 265.8 MB.
System memory in use after: 265.8 MB.

Unloading 25 unused Assets to reduce memory usage. Loaded Objects now: 2696.
Total: 18.924007 ms (FindLiveObjects: 0.757456 ms CreateObjectMapping: 0.051584 ms MarkObjects: 9.167377 ms  DeleteObjects: 8.946178 ms)

Load scene 'Temp/__Backupscenes/0.backup' time: 0.044303 ms 
Unloading 0 Unused Serialized files (Serialized files now loaded: 0)
[00:00:00] Enlighten: Reflection Probes took 29.884424 seconds. Cancelled, so not done yet.
System memory in use before: 265.4 MB.
System memory in use after: 265.5 MB.

Unloading 0 unused Assets to reduce memory usage. Loaded Objects now: 2686.
Total: 7.999489 ms (FindLiveObjects: 0.689600 ms CreateObjectMapping: 0.022099 ms MarkObjects: 7.270562 ms  DeleteObjects: 0.015980 ms)


*** Completed 'Build.Player.AndroidPlayer' in 34 seconds (34341 ms)

- Starting compile Library/ScriptAssemblies/Assembly-CSharp.dll

-----Compiler Commandline Arguments:
Filename: /Applications/Unity/Unity.app/Contents/MonoBleedingEdge/bin/mono
Arguments: '/Applications/Unity/Unity.app/Contents/MonoBleedingEdge/lib/mono/4.5/mcs.exe'  @Temp/UnityTempFile-70eb69b7f49a14660ba7e09ca4bdce48
index: 81
Responsefile: Temp/UnityTempFile-70eb69b7f49a14660ba7e09ca4bdce48 Contents: 
-debug
-target:library
-nowarn:0169
-langversion:4
-out:'Temp/Assembly-CSharp.dll'
-unsafe
-r:'/Applications/Unity/Unity.app/Contents/Managed/UnityEditor.dll'
-r:'/Applications/Unity/Unity.app/Contents/Managed/UnityEngine/UnityEngine.dll'
-r:'/Applications/Unity/Unity.app/Contents/Managed/UnityEngine/UnityEngine.CoreModule.dll'
-r:'/Applications/Unity/Unity.app/Contents/Managed/UnityEngine/UnityEngine.AccessibilityModule.dll'
-r:'/Applications/Unity/Unity.app/Contents/Managed/UnityEngine/UnityEngine.ParticleSystemModule.dll'
-r:'/Applications/Unity/Unity.app/Contents/Managed/UnityEngine/UnityEngine.PhysicsModule.dll'
-r:'/Applications/Unity/Unity.app/Contents/Managed/UnityEngine/UnityEngine.VehiclesModule.dll'
-r:'/Applications/Unity/Unity.app/Contents/Managed/UnityEngine/UnityEngine.ClothModule.dll'
-r:'/Applications/Unity/Unity.app/Contents/Managed/UnityEngine/UnityEngine.AIModule.dll'
-r:'/Applications/Unity/Unity.app/Contents/Managed/UnityEngine/UnityEngine.AnimationModule.dll'
-r:'/Applications/Unity/Unity.app/Contents/Managed/UnityEngine/UnityEngine.TextRenderingModule.dll'
-r:'/Applications/Unity/Unity.app/Contents/Managed/UnityEngine/UnityEngine.UIModule.dll'
-r:'/Applications/Unity/Unity.app/Contents/Managed/UnityEngine/UnityEngine.TerrainPhysicsModule.dll'
-r:'/Applications/Unity/Unity.app/Contents/Managed/UnityEngine/UnityEngine.IMGUIModule.dll'
-r:'/Applications/Unity/Unity.app/Contents/Managed/UnityEngine/UnityEngine.ClusterInputModule.dll'
-r:'/Applications/Unity/Unity.app/Contents/Managed/UnityEngine/UnityEngine.ClusterRendererModule.dll'
-r:'/Applications/Unity/Unity.app/Contents/Managed/UnityEngine/UnityEngine.UNETModule.dll'
-r:'/Applications/Unity/Unity.app/Contents/Managed/UnityEngine/UnityEngine.DirectorModule.dll'
-r:'/Applications/Unity/Unity.app/Contents/Managed/UnityEngine/UnityEngine.UnityAnalyticsModule.dll'
-r:'/Applications/Unity/Unity.app/Contents/Managed/UnityEngine/UnityEngine.PerformanceReportingModule.dll'
-r:'/Applications/Unity/Unity.app/Contents/Managed/UnityEngine/UnityEngine.UnityConnectModule.dll'
-r:'/Applications/Unity/Unity.app/Contents/Managed/UnityEngine/UnityEngine.WebModule.dll'
-r:'/Applications/Unity/Unity.app/Contents/Managed/UnityEngine/UnityEngine.ARModule.dll'
-r:'/Applications/Unity/Unity.app/Contents/Managed/UnityEngine/UnityEngine.VRModule.dll'
-r:'/Applications/Unity/Unity.app/Contents/Managed/UnityEngine/UnityEngine.UIElementsModule.dll'
-r:'/Applications/Unity/Unity.app/Contents/Managed/UnityEngine/UnityEngine.StyleSheetsModule.dll'
-r:'/Applications/Unity/Unity.app/Contents/Managed/UnityEngine/UnityEngine.AssetBundleModule.dll'
-r:'/Applications/Unity/Unity.app/Contents/Managed/UnityEngine/UnityEngine.AudioModule.dll'
-r:'/Applications/Unity/Unity.app/Contents/Managed/UnityEngine/UnityEngine.CrashReportingModule.dll'
-r:'/Applications/Unity/Unity.app/Contents/Managed/UnityEngine/UnityEngine.GameCenterModule.dll'
-r:'/Applications/Unity/Unity.app/Contents/Managed/UnityEngine/UnityEngine.GridModule.dll'
-r:'/Applications/Unity/Unity.app/Contents/Managed/UnityEngine/UnityEngine.ImageConversionModule.dll'
-r:'/Applications/Unity/Unity.app/Contents/Managed/UnityEngine/UnityEngine.InputModule.dll'
-r:'/Applications/Unity/Unity.app/Contents/Managed/UnityEngine/UnityEngine.JSONSerializeModule.dll'
-r:'/Applications/Unity/Unity.app/Contents/Managed/UnityEngine/UnityEngine.ParticlesLegacyModule.dll'
-r:'/Applications/Unity/Unity.app/Contents/Managed/UnityEngine/UnityEngine.Physics2DModule.dll'
-r:'/Applications/Unity/Unity.app/Contents/Managed/UnityEngine/UnityEngine.ScreenCaptureModule.dll'
-r:'/Applications/Unity/Unity.app/Contents/Managed/UnityEngine/UnityEngine.SharedInternalsModule.dll'
-r:'/Applications/Unity/Unity.app/Contents/Managed/UnityEngine/UnityEngine.SpriteMaskModule.dll'
-r:'/Applications/Unity/Unity.app/Contents/Managed/UnityEngine/UnityEngine.SpriteShapeModule.dll'
-r:'/Applications/Unity/Unity.app/Contents/Managed/UnityEngine/UnityEngine.TerrainModule.dll'
-r:'/Applications/Unity/Unity.app/Contents/Managed/UnityEngine/UnityEngine.TilemapModule.dll'
-r:'/Applications/Unity/Unity.app/Contents/Managed/UnityEngine/UnityEngine.UnityWebRequestModule.dll'
-r:'/Applications/Unity/Unity.app/Contents/Managed/UnityEngine/UnityEngine.UnityWebRequestAudioModule.dll'
-r:'/Applications/Unity/Unity.app/Contents/Managed/UnityEngine/UnityEngine.UnityWebRequestTextureModule.dll'
-r:'/Applications/Unity/Unity.app/Contents/Managed/UnityEngine/UnityEngine.UnityWebRequestWWWModule.dll'
-r:'/Applications/Unity/Unity.app/Contents/Managed/UnityEngine/UnityEngine.VideoModule.dll'
-r:'/Applications/Unity/Unity.app/Contents/Managed/UnityEngine/UnityEngine.WindModule.dll'
-r:'/Applications/Unity/Unity.app/Contents/UnityExtensions/Unity/UIAutomation/UnityEngine.UIAutomation.dll'
-r:'/Applications/Unity/Unity.app/Contents/UnityExtensions/Unity/TestRunner/UnityEngine.TestRunner.dll'
-r:'/Applications/Unity/Unity.app/Contents/UnityExtensions/Unity/TestRunner/net35/unity-custom/nunit.framework.dll'
-r:'/Applications/Unity/Unity.app/Contents/UnityExtensions/Unity/Networking/UnityEngine.Networking.dll'
-r:'/Applications/Unity/Unity.app/Contents/UnityExtensions/Unity/GUISystem/UnityEngine.UI.dll'
-r:'/Applications/Unity/Unity.app/Contents/UnityExtensions/Unity/Timeline/RuntimeEditor/UnityEngine.Timeline.dll'
-r:'/Applications/Unity/Unity.app/Contents/UnityExtensions/Unity/UnityGoogleAudioSpatializer/RuntimeEditor/UnityEngine.GoogleAudioSpatializer.dll'
-r:'/Applications/Unity/Unity.app/Contents/UnityExtensions/Unity/UnityHoloLens/RuntimeEditor/UnityEngine.HoloLens.dll'
-r:'/Applications/Unity/Unity.app/Contents/UnityExtensions/Unity/UnitySpatialTracking/RuntimeEditor/UnityEngine.SpatialTracking.dll'
-r:'Assets/Toolkit/HdgRemoteDebug/HdgRemoteDebugRuntime.dll'
-r:'/Users/laohan/Library/Unity/cache/packages/packages.unity.com/com.unity.ads@2.0.3/UnityEngine.Advertisements.dll'
-r:'/Users/laohan/Library/Unity/cache/packages/packages.unity.com/com.unity.analytics@2.0.13/UnityEngine.Analytics.dll'
-r:'/Users/laohan/Library/Unity/cache/packages/packages.unity.com/com.unity.purchasing@0.0.19/UnityEngine.Purchasing.dll'
-r:'/Users/laohan/Library/Unity/cache/packages/packages.unity.com/com.unity.standardevents@1.0.10/UnityEngine.StandardEvents.dll'
-r:'/Applications/Unity/PlaybackEngines/iOSSupport/UnityEditor.iOS.Extensions.Xcode.dll'
-r:'/Applications/Unity/PlaybackEngines/iOSSupport/UnityEditor.iOS.Extensions.Common.dll'
-define:UNITY_5_3_OR_NEWER
-define:UNITY_5_4_OR_NEWER
-define:UNITY_5_5_OR_NEWER
-define:UNITY_5_6_OR_NEWER
-define:UNITY_2017_1_OR_NEWER
-define:UNITY_2017_2_OR_NEWER
-define:UNITY_2017_3_OR_NEWER
-define:UNITY_2017_4_OR_NEWER
-define:UNITY_2017_4_0
-define:UNITY_2017_4
-define:UNITY_2017
-define:ENABLE_AUDIO
-define:ENABLE_CACHING
-define:ENABLE_CLOTH
-define:ENABLE_GENERICS
-define:ENABLE_PVR_GI
-define:ENABLE_MICROPHONE
-define:ENABLE_MULTIPLE_DISPLAYS
-define:ENABLE_PHYSICS
-define:ENABLE_SPRITERENDERER_FLIPPING
-define:ENABLE_SPRITES
-define:ENABLE_GRID
-define:ENABLE_TILEMAP
-define:ENABLE_TERRAIN
-define:ENABLE_RAKNET
-define:ENABLE_DIRECTOR
-define:ENABLE_UNET
-define:ENABLE_LZMA
-define:ENABLE_UNITYEVENTS
-define:ENABLE_WEBCAM
-define:ENABLE_WWW
-define:ENABLE_CLOUD_SERVICES_COLLAB
-define:ENABLE_CLOUD_SERVICES_COLLAB_SOFTLOCKS
-define:ENABLE_CLOUD_SERVICES_ADS
-define:ENABLE_CLOUD_HUB
-define:ENABLE_CLOUD_PROJECT_ID
-define:ENABLE_CLOUD_SERVICES_USE_WEBREQUEST
-define:ENABLE_CLOUD_SERVICES_UNET
-define:ENABLE_CLOUD_SERVICES_BUILD
-define:ENABLE_CLOUD_LICENSE
-define:ENABLE_EDITOR_HUB
-define:ENABLE_EDITOR_HUB_LICENSE
-define:ENABLE_WEBSOCKET_CLIENT
-define:ENABLE_DIRECTOR_AUDIO
-define:ENABLE_DIRECTOR_TEXTURE
-define:ENABLE_TIMELINE
-define:ENABLE_EDITOR_METRICS
-define:ENABLE_EDITOR_METRICS_CACHING
-define:ENABLE_NATIVE_ARRAY
-define:ENABLE_SPRITE_MASKING
-define:INCLUDE_DYNAMIC_GI
-define:INCLUDE_GI
-define:ENABLE_MONO_BDWGC
-define:PLATFORM_SUPPORTS_MONO
-define:INCLUDE_PUBNUB
-define:ENABLE_PLAYMODE_TESTS_RUNNER
-define:ENABLE_VIDEO
-define:ENABLE_RMGUI
-define:ENABLE_PACKMAN
-define:ENABLE_CUSTOM_RENDER_TEXTURE
-define:ENABLE_STYLE_SHEETS
-define:ENABLE_LOCALIZATION
-define:PLATFORM_ANDROID
-define:UNITY_ANDROID
-define:UNITY_ANDROID_API
-define:ENABLE_SUBSTANCE
-define:ENABLE_EGL
-define:ENABLE_NETWORK
-define:ENABLE_RUNTIME_GI
-define:ENABLE_CRUNCH_TEXTURE_COMPRESSION
-define:ENABLE_UNITYWEBREQUEST
-define:ENABLE_CLOUD_SERVICES
-define:ENABLE_CLOUD_SERVICES_ANALYTICS
-define:ENABLE_EVENT_QUEUE
-define:ENABLE_CLOUD_SERVICES_PURCHASING
-define:ENABLE_CLOUD_SERVICES_CRASH_REPORTING
-define:ENABLE_CLOUD_SERVICES_NATIVE_CRASH_REPORTING
-define:PLATFORM_SUPPORTS_ADS_ID
-define:UNITY_CAN_SHOW_SPLASH_SCREEN
-define:ENABLE_VR
-define:ENABLE_AR
-define:ENABLE_SPATIALTRACKING
-define:ENABLE_UNITYADS_RUNTIME
-define:UNITY_UNITYADS_API
-define:ENABLE_MONO
-define:NET_2_0_SUBSET
-define:ENABLE_PROFILER
-define:DEBUG
-define:TRACE
-define:UNITY_ASSERTIONS
-define:UNITY_EDITOR
-define:UNITY_EDITOR_64
-define:UNITY_EDITOR_OSX
-define:ENABLE_NATIVE_ARRAY_CHECKS
-define:UNITY_TEAM_LICENSE
-define:ENABLE_VSTU
-define:UNITY_PRO_LICENSE
-define:UNITY_HAS_GOOGLEVR
-define:UNITY_HAS_TANGO
'Assets/Toolkit/HdgRemoteDebug/RemoteDebugServerFactory.cs'
'Assets/Toolkit/Unity-Logs-Viewer/Reporter/MultiKeyDictionary.cs'
'Assets/Toolkit/Unity-Logs-Viewer/Reporter/Reporter.cs'
'Assets/Toolkit/Unity-Logs-Viewer/Reporter/ReporterGUI.cs'
'Assets/Toolkit/Unity-Logs-Viewer/Reporter/ReporterMessageReceiver.cs'
'Assets/Toolkit/Unity-Logs-Viewer/Reporter/Test/Rotate.cs'
'Assets/Toolkit/Unity-Logs-Viewer/Reporter/Test/TestReporter.cs'
-r:'/Applications/Unity/Unity.app/Contents/Mono/lib/mono/unity/System.Runtime.Serialization.dll'
-r:'/Applications/Unity/Unity.app/Contents/Mono/lib/mono/unity/System.Xml.Linq.dll'
-r:'/Applications/Unity/Unity.app/Contents/Mono/lib/mono/unity/UnityScript.dll'
-r:'/Applications/Unity/Unity.app/Contents/Mono/lib/mono/unity/UnityScript.Lang.dll'
-r:'/Applications/Unity/Unity.app/Contents/Mono/lib/mono/unity/Boo.Lang.dll'
-sdk:unity

-----CompilerOutput:-stdout--exitcode: 0--compilationhadfailure: False--outfile: Temp/Assembly-CSharp.dll
Compilation succeeded - 5 warning(s)
-----CompilerOutput:-stderr----------
Assets/Toolkit/Unity-Logs-Viewer/Reporter/Reporter.cs(596,7): warning CS0649: Field `Reporter.screenRect' is never assigned to, and will always have its default value
Assets/Toolkit/Unity-Logs-Viewer/Reporter/Reporter.cs(597,7): warning CS0649: Field `Reporter.toolBarRect' is never assigned to, and will always have its default value
Assets/Toolkit/Unity-Logs-Viewer/Reporter/Reporter.cs(603,7): warning CS0649: Field `Reporter.buttomRect' is never assigned to, and will always have its default value
Assets/Toolkit/Unity-Logs-Viewer/Reporter/Reporter.cs(605,7): warning CS0649: Field `Reporter.detailRect' is never assigned to, and will always have its default value
Assets/Toolkit/Unity-Logs-Viewer/Reporter/Reporter.cs(689,7): warning CS0649: Field `Reporter.countRect' is never assigned to, and will always have its default value
-----EndCompilerOutput---------------
- Finished compile Library/ScriptAssemblies/Assembly-CSharp.dll
Symbols will be read from Temp/Assembly-CSharp.dll.mdb
Script Module: Assembly-CSharp.dll
Pass: 0 took 4 milliseconds
Pass: 1 took 1 milliseconds
- Starting compile Library/ScriptAssemblies/Assembly-CSharp-Editor.dll

-----Compiler Commandline Arguments:
Filename: /Applications/Unity/Unity.app/Contents/MonoBleedingEdge/bin/mono
Arguments: '/Applications/Unity/Unity.app/Contents/MonoBleedingEdge/lib/mono/4.5/mcs.exe'  @Temp/UnityTempFile-417dfcc7942d94809b394f3e8ff9fadd
index: 81
Responsefile: Temp/UnityTempFile-417dfcc7942d94809b394f3e8ff9fadd Contents: 
-debug
-target:library
-nowarn:0169
-langversion:4
-out:'Temp/Assembly-CSharp-Editor.dll'
-unsafe
-r:'Library/ScriptAssemblies/Assembly-CSharp.dll'
-r:'/Applications/Unity/Unity.app/Contents/Managed/UnityEditor.dll'
-r:'/Applications/Unity/Unity.app/Contents/Managed/UnityEngine/UnityEngine.dll'
-r:'/Applications/Unity/Unity.app/Contents/Managed/UnityEngine/UnityEngine.CoreModule.dll'
-r:'/Applications/Unity/Unity.app/Contents/Managed/UnityEngine/UnityEngine.AccessibilityModule.dll'
-r:'/Applications/Unity/Unity.app/Contents/Managed/UnityEngine/UnityEngine.ParticleSystemModule.dll'
-r:'/Applications/Unity/Unity.app/Contents/Managed/UnityEngine/UnityEngine.PhysicsModule.dll'
-r:'/Applications/Unity/Unity.app/Contents/Managed/UnityEngine/UnityEngine.VehiclesModule.dll'
-r:'/Applications/Unity/Unity.app/Contents/Managed/UnityEngine/UnityEngine.ClothModule.dll'
-r:'/Applications/Unity/Unity.app/Contents/Managed/UnityEngine/UnityEngine.AIModule.dll'
-r:'/Applications/Unity/Unity.app/Contents/Managed/UnityEngine/UnityEngine.AnimationModule.dll'
-r:'/Applications/Unity/Unity.app/Contents/Managed/UnityEngine/UnityEngine.TextRenderingModule.dll'
-r:'/Applications/Unity/Unity.app/Contents/Managed/UnityEngine/UnityEngine.UIModule.dll'
-r:'/Applications/Unity/Unity.app/Contents/Managed/UnityEngine/UnityEngine.TerrainPhysicsModule.dll'
-r:'/Applications/Unity/Unity.app/Contents/Managed/UnityEngine/UnityEngine.IMGUIModule.dll'
-r:'/Applications/Unity/Unity.app/Contents/Managed/UnityEngine/UnityEngine.ClusterInputModule.dll'
-r:'/Applications/Unity/Unity.app/Contents/Managed/UnityEngine/UnityEngine.ClusterRendererModule.dll'
-r:'/Applications/Unity/Unity.app/Contents/Managed/UnityEngine/UnityEngine.UNETModule.dll'
-r:'/Applications/Unity/Unity.app/Contents/Managed/UnityEngine/UnityEngine.DirectorModule.dll'
-r:'/Applications/Unity/Unity.app/Contents/Managed/UnityEngine/UnityEngine.UnityAnalyticsModule.dll'
-r:'/Applications/Unity/Unity.app/Contents/Managed/UnityEngine/UnityEngine.PerformanceReportingModule.dll'
-r:'/Applications/Unity/Unity.app/Contents/Managed/UnityEngine/UnityEngine.UnityConnectModule.dll'
-r:'/Applications/Unity/Unity.app/Contents/Managed/UnityEngine/UnityEngine.WebModule.dll'
-r:'/Applications/Unity/Unity.app/Contents/Managed/UnityEngine/UnityEngine.ARModule.dll'
-r:'/Applications/Unity/Unity.app/Contents/Managed/UnityEngine/UnityEngine.VRModule.dll'
-r:'/Applications/Unity/Unity.app/Contents/Managed/UnityEngine/UnityEngine.UIElementsModule.dll'
-r:'/Applications/Unity/Unity.app/Contents/Managed/UnityEngine/UnityEngine.StyleSheetsModule.dll'
-r:'/Applications/Unity/Unity.app/Contents/Managed/UnityEngine/UnityEngine.AssetBundleModule.dll'
-r:'/Applications/Unity/Unity.app/Contents/Managed/UnityEngine/UnityEngine.AudioModule.dll'
-r:'/Applications/Unity/Unity.app/Contents/Managed/UnityEngine/UnityEngine.CrashReportingModule.dll'
-r:'/Applications/Unity/Unity.app/Contents/Managed/UnityEngine/UnityEngine.GameCenterModule.dll'
-r:'/Applications/Unity/Unity.app/Contents/Managed/UnityEngine/UnityEngine.GridModule.dll'
-r:'/Applications/Unity/Unity.app/Contents/Managed/UnityEngine/UnityEngine.ImageConversionModule.dll'
-r:'/Applications/Unity/Unity.app/Contents/Managed/UnityEngine/UnityEngine.InputModule.dll'
-r:'/Applications/Unity/Unity.app/Contents/Managed/UnityEngine/UnityEngine.JSONSerializeModule.dll'
-r:'/Applications/Unity/Unity.app/Contents/Managed/UnityEngine/UnityEngine.ParticlesLegacyModule.dll'
-r:'/Applications/Unity/Unity.app/Contents/Managed/UnityEngine/UnityEngine.Physics2DModule.dll'
-r:'/Applications/Unity/Unity.app/Contents/Managed/UnityEngine/UnityEngine.ScreenCaptureModule.dll'
-r:'/Applications/Unity/Unity.app/Contents/Managed/UnityEngine/UnityEngine.SharedInternalsModule.dll'
-r:'/Applications/Unity/Unity.app/Contents/Managed/UnityEngine/UnityEngine.SpriteMaskModule.dll'
-r:'/Applications/Unity/Unity.app/Contents/Managed/UnityEngine/UnityEngine.SpriteShapeModule.dll'
-r:'/Applications/Unity/Unity.app/Contents/Managed/UnityEngine/UnityEngine.TerrainModule.dll'
-r:'/Applications/Unity/Unity.app/Contents/Managed/UnityEngine/UnityEngine.TilemapModule.dll'
-r:'/Applications/Unity/Unity.app/Contents/Managed/UnityEngine/UnityEngine.UnityWebRequestModule.dll'
-r:'/Applications/Unity/Unity.app/Contents/Managed/UnityEngine/UnityEngine.UnityWebRequestAudioModule.dll'
-r:'/Applications/Unity/Unity.app/Contents/Managed/UnityEngine/UnityEngine.UnityWebRequestTextureModule.dll'
-r:'/Applications/Unity/Unity.app/Contents/Managed/UnityEngine/UnityEngine.UnityWebRequestWWWModule.dll'
-r:'/Applications/Unity/Unity.app/Contents/Managed/UnityEngine/UnityEngine.VideoModule.dll'
-r:'/Applications/Unity/Unity.app/Contents/Managed/UnityEngine/UnityEngine.WindModule.dll'
-r:'/Applications/Unity/Unity.app/Contents/UnityExtensions/Unity/UIAutomation/UnityEngine.UIAutomation.dll'
-r:'/Applications/Unity/Unity.app/Contents/UnityExtensions/Unity/UIAutomation/Editor/UnityEditor.UIAutomation.dll'
-r:'/Applications/Unity/Unity.app/Contents/UnityExtensions/Unity/TestRunner/Editor/UnityEditor.TestRunner.dll'
-r:'/Applications/Unity/Unity.app/Contents/UnityExtensions/Unity/TestRunner/UnityEngine.TestRunner.dll'
-r:'/Applications/Unity/Unity.app/Contents/UnityExtensions/Unity/TestRunner/net35/unity-custom/nunit.framework.dll'
-r:'/Applications/Unity/Unity.app/Contents/UnityExtensions/Unity/Networking/UnityEngine.Networking.dll'
-r:'/Applications/Unity/Unity.app/Contents/UnityExtensions/Unity/Networking/Editor/UnityEditor.Networking.dll'
-r:'/Applications/Unity/Unity.app/Contents/UnityExtensions/Unity/GUISystem/UnityEngine.UI.dll'
-r:'/Applications/Unity/Unity.app/Contents/UnityExtensions/Unity/GUISystem/Editor/UnityEditor.UI.dll'
-r:'/Applications/Unity/Unity.app/Contents/UnityExtensions/Unity/Timeline/RuntimeEditor/UnityEngine.Timeline.dll'
-r:'/Applications/Unity/Unity.app/Contents/UnityExtensions/Unity/Timeline/Editor/UnityEditor.Timeline.dll'
-r:'/Applications/Unity/Unity.app/Contents/UnityExtensions/Unity/TreeEditor/Editor/UnityEditor.TreeEditor.dll'
-r:'/Applications/Unity/Unity.app/Contents/UnityExtensions/Unity/UnityGoogleAudioSpatializer/Editor/UnityEditor.GoogleAudioSpatializer.dll'
-r:'/Applications/Unity/Unity.app/Contents/UnityExtensions/Unity/UnityGoogleAudioSpatializer/RuntimeEditor/UnityEngine.GoogleAudioSpatializer.dll'
-r:'/Applications/Unity/Unity.app/Contents/UnityExtensions/Unity/UnityHoloLens/Editor/UnityEditor.HoloLens.dll'
-r:'/Applications/Unity/Unity.app/Contents/UnityExtensions/Unity/UnityHoloLens/RuntimeEditor/UnityEngine.HoloLens.dll'
-r:'/Applications/Unity/Unity.app/Contents/UnityExtensions/Unity/UnitySpatialTracking/Editor/UnityEditor.SpatialTracking.dll'
-r:'/Applications/Unity/Unity.app/Contents/UnityExtensions/Unity/UnitySpatialTracking/RuntimeEditor/UnityEngine.SpatialTracking.dll'
-r:'/Applications/Unity/Unity.app/Contents/UnityExtensions/Unity/UnityVR/Editor/UnityEditor.VR.dll'
-r:'/Applications/Unity/Unity.app/Contents/Managed/UnityEditor.Graphs.dll'
-r:'/Applications/Unity/PlaybackEngines/AndroidPlayer/UnityEditor.Android.Extensions.dll'
-r:'/Applications/Unity/PlaybackEngines/iOSSupport/UnityEditor.iOS.Extensions.dll'
-r:'/Applications/Unity/PlaybackEngines/WebGLSupport/UnityEditor.WebGL.Extensions.dll'
-r:'/Applications/Unity/Unity.app/Contents/PlaybackEngines/MacStandaloneSupport/UnityEditor.OSXStandalone.Extensions.dll'
-r:'/Applications/Visual Studio.app/Contents/Resources/lib/monodevelop/AddIns/MonoDevelop.Unity/Editor/SyntaxTree.VisualStudio.Unity.Bridge.dll'
-r:'Assets/Toolkit/HdgRemoteDebug/HdgRemoteDebugRuntime.dll'
-r:'Assets/Toolkit/HdgRemoteDebug/Editor/HdgRemoteDebugEditor.dll'
-r:'/Users/laohan/Library/Unity/cache/packages/packages.unity.com/com.unity.ads@2.0.3/UnityEngine.Advertisements.dll'
-r:'/Users/laohan/Library/Unity/cache/packages/packages.unity.com/com.unity.ads@2.0.3/Editor/UnityEditor.Advertisements.dll'
-r:'/Users/laohan/Library/Unity/cache/packages/packages.unity.com/com.unity.analytics@2.0.13/UnityEngine.Analytics.dll'
-r:'/Users/laohan/Library/Unity/cache/packages/packages.unity.com/com.unity.analytics@2.0.13/Editor/UnityEditor.Analytics.dll'
-r:'/Users/laohan/Library/Unity/cache/packages/packages.unity.com/com.unity.purchasing@0.0.19/UnityEngine.Purchasing.dll'
-r:'/Users/laohan/Library/Unity/cache/packages/packages.unity.com/com.unity.purchasing@0.0.19/Editor/UnityEditor.Purchasing.dll'
-r:'/Users/laohan/Library/Unity/cache/packages/packages.unity.com/com.unity.standardevents@1.0.10/UnityEngine.StandardEvents.dll'
-r:'/Applications/Unity/PlaybackEngines/iOSSupport/UnityEditor.iOS.Extensions.Xcode.dll'
-r:'/Applications/Unity/PlaybackEngines/iOSSupport/UnityEditor.iOS.Extensions.Common.dll'
-define:UNITY_5_3_OR_NEWER
-define:UNITY_5_4_OR_NEWER
-define:UNITY_5_5_OR_NEWER
-define:UNITY_5_6_OR_NEWER
-define:UNITY_2017_1_OR_NEWER
-define:UNITY_2017_2_OR_NEWER
-define:UNITY_2017_3_OR_NEWER
-define:UNITY_2017_4_OR_NEWER
-define:UNITY_2017_4_0
-define:UNITY_2017_4
-define:UNITY_2017
-define:ENABLE_AUDIO
-define:ENABLE_CACHING
-define:ENABLE_CLOTH
-define:ENABLE_GENERICS
-define:ENABLE_PVR_GI
-define:ENABLE_MICROPHONE
-define:ENABLE_MULTIPLE_DISPLAYS
-define:ENABLE_PHYSICS
-define:ENABLE_SPRITERENDERER_FLIPPING
-define:ENABLE_SPRITES
-define:ENABLE_GRID
-define:ENABLE_TILEMAP
-define:ENABLE_TERRAIN
-define:ENABLE_RAKNET
-define:ENABLE_DIRECTOR
-define:ENABLE_UNET
-define:ENABLE_LZMA
-define:ENABLE_UNITYEVENTS
-define:ENABLE_WEBCAM
-define:ENABLE_WWW
-define:ENABLE_CLOUD_SERVICES_COLLAB
-define:ENABLE_CLOUD_SERVICES_COLLAB_SOFTLOCKS
-define:ENABLE_CLOUD_SERVICES_ADS
-define:ENABLE_CLOUD_HUB
-define:ENABLE_CLOUD_PROJECT_ID
-define:ENABLE_CLOUD_SERVICES_USE_WEBREQUEST
-define:ENABLE_CLOUD_SERVICES_UNET
-define:ENABLE_CLOUD_SERVICES_BUILD
-define:ENABLE_CLOUD_LICENSE
-define:ENABLE_EDITOR_HUB
-define:ENABLE_EDITOR_HUB_LICENSE
-define:ENABLE_WEBSOCKET_CLIENT
-define:ENABLE_DIRECTOR_AUDIO
-define:ENABLE_DIRECTOR_TEXTURE
-define:ENABLE_TIMELINE
-define:ENABLE_EDITOR_METRICS
-define:ENABLE_EDITOR_METRICS_CACHING
-define:ENABLE_NATIVE_ARRAY
-define:ENABLE_SPRITE_MASKING
-define:INCLUDE_DYNAMIC_GI
-define:INCLUDE_GI
-define:ENABLE_MONO_BDWGC
-define:PLATFORM_SUPPORTS_MONO
-define:INCLUDE_PUBNUB
-define:ENABLE_PLAYMODE_TESTS_RUNNER
-define:ENABLE_VIDEO
-define:ENABLE_RMGUI
-define:ENABLE_PACKMAN
-define:ENABLE_CUSTOM_RENDER_TEXTURE
-define:ENABLE_STYLE_SHEETS
-define:ENABLE_LOCALIZATION
-define:PLATFORM_ANDROID
-define:UNITY_ANDROID
-define:UNITY_ANDROID_API
-define:ENABLE_SUBSTANCE
-define:ENABLE_EGL
-define:ENABLE_NETWORK
-define:ENABLE_RUNTIME_GI
-define:ENABLE_CRUNCH_TEXTURE_COMPRESSION
-define:ENABLE_UNITYWEBREQUEST
-define:ENABLE_CLOUD_SERVICES
-define:ENABLE_CLOUD_SERVICES_ANALYTICS
-define:ENABLE_EVENT_QUEUE
-define:ENABLE_CLOUD_SERVICES_PURCHASING
-define:ENABLE_CLOUD_SERVICES_CRASH_REPORTING
-define:ENABLE_CLOUD_SERVICES_NATIVE_CRASH_REPORTING
-define:PLATFORM_SUPPORTS_ADS_ID
-define:UNITY_CAN_SHOW_SPLASH_SCREEN
-define:ENABLE_VR
-define:ENABLE_AR
-define:ENABLE_SPATIALTRACKING
-define:ENABLE_UNITYADS_RUNTIME
-define:UNITY_UNITYADS_API
-define:ENABLE_MONO
-define:NET_2_0_SUBSET
-define:ENABLE_PROFILER
-define:DEBUG
-define:TRACE
-define:UNITY_ASSERTIONS
-define:UNITY_EDITOR
-define:UNITY_EDITOR_64
-define:UNITY_EDITOR_OSX
-define:ENABLE_NATIVE_ARRAY_CHECKS
-define:UNITY_TEAM_LICENSE
-define:ENABLE_VSTU
-define:UNITY_PRO_LICENSE
-define:UNITY_HAS_GOOGLEVR
-define:UNITY_HAS_TANGO
'Assets/Toolkit/AutoBuild/Editor/AutoBuild.cs'
'Assets/Toolkit/HdgRemoteDebug/Editor/BuildHelpers.cs'
'Assets/Toolkit/Unity-Logs-Viewer/Reporter/Editor/ReporterEditor.cs'
-r:'/Applications/Unity/Unity.app/Contents/MonoBleedingEdge/lib/mono/2.0-api/System.Runtime.Serialization.dll'
-r:'/Applications/Unity/Unity.app/Contents/MonoBleedingEdge/lib/mono/2.0-api/System.Xml.Linq.dll'
-r:'/Applications/Unity/Unity.app/Contents/MonoBleedingEdge/lib/mono/2.0-api/UnityScript.dll'
-r:'/Applications/Unity/Unity.app/Contents/MonoBleedingEdge/lib/mono/2.0-api/UnityScript.Lang.dll'
-r:'/Applications/Unity/Unity.app/Contents/MonoBleedingEdge/lib/mono/2.0-api/Boo.Lang.dll'
-sdk:2.0

-----CompilerOutput:-stdout--exitcode: 0--compilationhadfailure: False--outfile: Temp/Assembly-CSharp-Editor.dll
Compilation succeeded - 3 warning(s)
-----CompilerOutput:-stderr----------
Assets/Toolkit/AutoBuild/Editor/AutoBuild.cs(17,16): warning CS0219: The variable `version' is assigned but its value is never used
Assets/Toolkit/AutoBuild/Editor/AutoBuild.cs(20,16): warning CS0219: The variable `mode' is assigned but its value is never used
Assets/Toolkit/AutoBuild/Editor/AutoBuild.cs(28,16): warning CS0219: The variable `curTime' is assigned but its value is never used
-----EndCompilerOutput---------------
- Finished compile Library/ScriptAssemblies/Assembly-CSharp-Editor.dll
Assets/Toolkit/Unity-Logs-Viewer/Reporter/Reporter.cs(596,7): warning CS0649: Field `Reporter.screenRect' is never assigned to, and will always have its default value
 
(Filename: Assets/Toolkit/Unity-Logs-Viewer/Reporter/Reporter.cs Line: 596)

Assets/Toolkit/Unity-Logs-Viewer/Reporter/Reporter.cs(597,7): warning CS0649: Field `Reporter.toolBarRect' is never assigned to, and will always have its default value
 
(Filename: Assets/Toolkit/Unity-Logs-Viewer/Reporter/Reporter.cs Line: 597)

Assets/Toolkit/Unity-Logs-Viewer/Reporter/Reporter.cs(603,7): warning CS0649: Field `Reporter.buttomRect' is never assigned to, and will always have its default value
 
(Filename: Assets/Toolkit/Unity-Logs-Viewer/Reporter/Reporter.cs Line: 603)

Assets/Toolkit/Unity-Logs-Viewer/Reporter/Reporter.cs(605,7): warning CS0649: Field `Reporter.detailRect' is never assigned to, and will always have its default value
 
(Filename: Assets/Toolkit/Unity-Logs-Viewer/Reporter/Reporter.cs Line: 605)

Assets/Toolkit/Unity-Logs-Viewer/Reporter/Reporter.cs(689,7): warning CS0649: Field `Reporter.countRect' is never assigned to, and will always have its default value
 
(Filename: Assets/Toolkit/Unity-Logs-Viewer/Reporter/Reporter.cs Line: 689)

Assets/Toolkit/AutoBuild/Editor/AutoBuild.cs(17,16): warning CS0219: The variable `version' is assigned but its value is never used
 
(Filename: Assets/Toolkit/AutoBuild/Editor/AutoBuild.cs Line: 17)

Assets/Toolkit/AutoBuild/Editor/AutoBuild.cs(20,16): warning CS0219: The variable `mode' is assigned but its value is never used
 
(Filename: Assets/Toolkit/AutoBuild/Editor/AutoBuild.cs Line: 20)

Assets/Toolkit/AutoBuild/Editor/AutoBuild.cs(28,16): warning CS0219: The variable `curTime' is assigned but its value is never used
 
(Filename: Assets/Toolkit/AutoBuild/Editor/AutoBuild.cs Line: 28)

Reloading assemblies after script compilation.
Begin MonoManager ReloadAssembly
OnLevelWasLoaded was found on Reporter
This message has been deprecated and will be removed in a later version of Unity.
Add a delegate to SceneManager.sceneLoaded instead to get notifications after scene loading has completed
 
(Filename: /Users/builduser/buildslave/unity/build/Runtime/Mono/MonoScriptCache.cpp Line: 375)

Refreshing native plugins compatible for Editor in 1.04 ms, found 3 plugins.
Preloading 1 native plugins for Editor in 0.67 ms.
Mono: successfully reloaded assembly
Refreshing native plugins compatible for Editor in 0.74 ms, found 3 plugins.
Preloading 1 native plugins for Editor in 0.76 ms.

----- Total AssetImport time: 0.125334s, AssetImport time: 0.000001s, Asset hashing: 0.000000s [0 B, 0.000000 mb/s]

- Completed reload, in  1.452 seconds
Initializing Unity.PackageManager (PackageManager) v2017.4.0 for Unity v2017.4.0f1
Registering platform support modules:
Registered platform support modules in: 0.056763s.
Native extension for OSXStandalone target not found
Native extension for WebGL target not found
Native extension for iOS target not found
[XcodeApplications] RefreshListOfAvailableXcodeApplications in: 0.004471s.
Native extension for Android target not found
Batchmode quit successfully invoked - shutting down!
Refresh: detecting if any assets need to be imported or removed ... Refresh: elapses 0.064980 seconds
Refreshing native plugins compatible for Editor in 0.71 ms, found 3 plugins.
Preloading 1 native plugins for Editor in 0.76 ms.

----- Total AssetImport time: 0.077379s, AssetImport time: 0.000000s, Asset hashing: 0.000000s [0 B, 0.000000 mb/s]

Updating ProjectSettings/ProjectSettings.asset - GUID: 00000000000000004000000000000000...
 done. [Time: 83.511892 ms] 
Refreshing native plugins compatible for Editor in 0.58 ms, found 3 plugins.
Preloading 1 native plugins for Editor in 0.73 ms.

----- Total AssetImport time: 0.286702s, AssetImport time: 0.151029s, Asset hashing: 0.000000s [0 B, 0.000000 mb/s]

Refresh: detecting if any assets need to be imported or removed ... Refresh: elapses 0.084151 seconds
Refreshing native plugins compatible for Editor in 0.68 ms, found 3 plugins.
Preloading 1 native plugins for Editor in 0.87 ms.

----- Total AssetImport time: 0.094283s, AssetImport time: 0.000000s, Asset hashing: 0.000000s [0 B, 0.000000 mb/s]

[Package Manager] Server::Kill -- Server was shutdown
Cleanup mono
Exiting batchmode successfully now!
