
LICENSE SYSTEM [2018421 15:3:7] No start/stop license dates set

LICENSE SYSTEM [2018421 15:3:7] Next license update check is after 2027-08-23T00:17:35

DisplayProgressbar: Unity license
[Package Manager] Server::Start -- Port 56036 was selected

 COMMAND LINE ARGUMENTS:
/Applications/Unity/Unity.app/Contents/MacOS/Unity
-quit
-batchmode
-projectPath
/Users/laohan/workSpace/Unity/lhFramework/Art/Standard
-logFile
/Users/laohan/workSpace/Unity/lhFramework/AutoBuild/Output/Standard/source-2018_04_21_15_03/proj_art.log
-executeMethod
AutoBuild.BuildSources
1.0.0
Successfully changed project path to: /Users/laohan/workSpace/Unity/lhFramework/Art/Standard
/Users/laohan/workSpace/Unity/lhFramework/Art/Standard
It looks like another Unity instance is running with this project open.

Multiple Unity instances cannot open the same project.

Project: /Users/laohan/workSpace/Unity/lhFramework/Art/Standard
 
(Filename: /Users/builduser/buildslave/unity/build/Editor/Src/Application/Application.cpp Line: 330)

Fatal Error! It looks like another Unity instance is running with this project open.

Multiple Unity instances cannot open the same project.

Project: /Users/laohan/workSpace/Unity/lhFramework/Art/Standard

 
(Filename: /Users/builduser/buildslave/unity/build/Runtime/Utilities/Argv.cpp Line: 226)


Aborting batchmode due to failure:
Fatal Error! It looks like another Unity instance is running with this project open.

Multiple Unity instances cannot open the same project.

Project: /Users/laohan/workSpace/Unity/lhFramework/Art/Standard


